[debug] ----------------------------------------------------------------------
[debug] Command:      C:\Program Files\nodejs\node.exe C:\Users\502554229\AppData\Roaming\npm\node_modules\firebase-tools\bin\firebase login
[debug] Platform:     win32
[debug] Node Version: v5.0.0
[debug] Time:         Mon Mar 28 2016 17:14:05 GMT-0500 (Central Daylight Time)
[debug] ----------------------------------------------------------------------
[debug] 
[debug] ----------------------------------------------------------------------
[debug] Command:      C:\Program Files\nodejs\node.exe C:\Users\502554229\AppData\Roaming\npm\node_modules\firebase-tools\bin\firebase login
[debug] Platform:     win32
[debug] Node Version: v5.0.0
[debug] Time:         Mon Mar 28 2016 17:15:20 GMT-0500 (Central Daylight Time)
[debug] ----------------------------------------------------------------------
[debug] 
[debug] ----------------------------------------------------------------------
[debug] Command:      C:\Program Files\nodejs\node.exe C:\Users\502554229\AppData\Roaming\npm\node_modules\firebase-tools\bin\firebase login
[debug] Platform:     win32
[debug] Node Version: v5.0.0
[debug] Time:         Tue Mar 29 2016 16:28:45 GMT-0500 (Central Daylight Time)
[debug] ----------------------------------------------------------------------
[debug] 
